{"$message_type":"diagnostic","message":"expected expression, found keyword `else`","code":null,"level":"error","spans":[{"file_name":"src/controller.rs","byte_start":1616,"byte_end":1620,"line_start":58,"line_end":58,"column_start":5,"column_end":9,"is_primary":true,"text":[{"text":"    else{","highlight_start":5,"highlight_end":9}],"label":"expected expression","suggested_replacement":null,"suggestion_applicability":null,"expansion":null}],"children":[],"rendered":"\u001b[1m\u001b[91merror\u001b[0m\u001b[1m: expected expression, found keyword `else`\u001b[0m\n  \u001b[1m\u001b[94m--> \u001b[0msrc/controller.rs:58:5\n   \u001b[1m\u001b[94m|\u001b[0m\n\u001b[1m\u001b[94m58\u001b[0m \u001b[1m\u001b[94m|\u001b[0m     else{\n   \u001b[1m\u001b[94m|\u001b[0m     \u001b[1m\u001b[91m^^^^\u001b[0m \u001b[1m\u001b[91mexpected expression\u001b[0m\n\n"}
{"$message_type":"diagnostic","message":"unresolved import `chrono`","code":{"code":"E0432","explanation":"An import was unresolved.\n\nErroneous code example:\n\n```compile_fail,E0432\nuse something::Foo; // error: unresolved import `something::Foo`.\n```\n\nIn Rust 2015, paths in `use` statements are relative to the crate root. To\nimport items relative to the current and parent modules, use the `self::` and\n`super::` prefixes, respectively.\n\nIn Rust 2018 or later, paths in `use` statements are relative to the current\nmodule unless they begin with the name of a crate or a literal `crate::`, in\nwhich case they start from the crate root. As in Rust 2015 code, the `self::`\nand `super::` prefixes refer to the current and parent modules respectively.\n\nAlso verify that you didn't misspell the import name and that the import exists\nin the module from where you tried to import it. Example:\n\n```\nuse self::something::Foo; // Ok.\n\nmod something {\n    pub struct Foo;\n}\n# fn main() {}\n```\n\nIf you tried to use a module from an external crate and are using Rust 2015,\nyou may have missed the `extern crate` declaration (which is usually placed in\nthe crate root):\n\n```edition2015\nextern crate core; // Required to use the `core` crate in Rust 2015.\n\nuse core::any;\n# fn main() {}\n```\n\nSince Rust 2018 the `extern crate` declaration is not required and\nyou can instead just `use` it:\n\n```edition2018\nuse core::any; // No extern crate required in Rust 2018.\n# fn main() {}\n```\n"},"level":"error","spans":[{"file_name":"src/models.rs","byte_start":41,"byte_end":47,"line_start":2,"line_end":2,"column_start":5,"column_end":11,"is_primary":true,"text":[{"text":"use chrono::{DateTime,Utc};","highlight_start":5,"highlight_end":11}],"label":"use of unresolved module or unlinked crate `chrono`","suggested_replacement":null,"suggestion_applicability":null,"expansion":null}],"children":[{"message":"if you wanted to use a crate named `chrono`, use `cargo add chrono` to add it to your `Cargo.toml`","code":null,"level":"help","spans":[],"children":[],"rendered":null}],"rendered":"\u001b[1m\u001b[91merror[E0432]\u001b[0m\u001b[1m: unresolved import `chrono`\u001b[0m\n \u001b[1m\u001b[94m--> \u001b[0msrc/models.rs:2:5\n  \u001b[1m\u001b[94m|\u001b[0m\n\u001b[1m\u001b[94m2\u001b[0m \u001b[1m\u001b[94m|\u001b[0m use chrono::{DateTime,Utc};\n  \u001b[1m\u001b[94m|\u001b[0m     \u001b[1m\u001b[91m^^^^^^\u001b[0m \u001b[1m\u001b[91muse of unresolved module or unlinked crate `chrono`\u001b[0m\n  \u001b[1m\u001b[94m|\u001b[0m\n  \u001b[1m\u001b[94m= \u001b[0m\u001b[1mhelp\u001b[0m: if you wanted to use a crate named `chrono`, use `cargo add chrono` to add it to your `Cargo.toml`\n\n"}
{"$message_type":"diagnostic","message":"failed to resolve: use of unresolved module or unlinked crate `chrono`","code":{"code":"E0433","explanation":"An undeclared crate, module, or type was used.\n\nErroneous code example:\n\n```compile_fail,E0433\nlet map = HashMap::new();\n// error: failed to resolve: use of undeclared type `HashMap`\n```\n\nPlease verify you didn't misspell the type/module's name or that you didn't\nforget to import it:\n\n```\nuse std::collections::HashMap; // HashMap has been imported.\nlet map: HashMap<u32, u32> = HashMap::new(); // So it can be used!\n```\n\nIf you've expected to use a crate name:\n\n```compile_fail\nuse ferris_wheel::BigO;\n// error: failed to resolve: use of undeclared module or unlinked crate\n```\n\nMake sure the crate has been added as a dependency in `Cargo.toml`.\n\nTo use a module from your current crate, add the `crate::` prefix to the path.\n"},"level":"error","spans":[{"file_name":"src/controller.rs","byte_start":701,"byte_end":707,"line_start":27,"line_end":27,"column_start":21,"column_end":27,"is_primary":true,"text":[{"text":"        created_at: chrono::Utc::now(),","highlight_start":21,"highlight_end":27}],"label":"use of unresolved module or unlinked crate `chrono`","suggested_replacement":null,"suggestion_applicability":null,"expansion":null}],"children":[{"message":"if you wanted to use a crate named `chrono`, use `cargo add chrono` to add it to your `Cargo.toml`","code":null,"level":"help","spans":[],"children":[],"rendered":null}],"rendered":"\u001b[1m\u001b[91merror[E0433]\u001b[0m\u001b[1m: failed to resolve: use of unresolved module or unlinked crate `chrono`\u001b[0m\n  \u001b[1m\u001b[94m--> \u001b[0msrc/controller.rs:27:21\n   \u001b[1m\u001b[94m|\u001b[0m\n\u001b[1m\u001b[94m27\u001b[0m \u001b[1m\u001b[94m|\u001b[0m         created_at: chrono::Utc::now(),\n   \u001b[1m\u001b[94m|\u001b[0m                     \u001b[1m\u001b[91m^^^^^^\u001b[0m \u001b[1m\u001b[91muse of unresolved module or unlinked crate `chrono`\u001b[0m\n   \u001b[1m\u001b[94m|\u001b[0m\n   \u001b[1m\u001b[94m= \u001b[0m\u001b[1mhelp\u001b[0m: if you wanted to use a crate named `chrono`, use `cargo add chrono` to add it to your `Cargo.toml`\n\n"}
{"$message_type":"diagnostic","message":"cannot find function `add_tag` in this scope","code":{"code":"E0425","explanation":"An unresolved name was used.\n\nErroneous code examples:\n\n```compile_fail,E0425\nsomething_that_doesnt_exist::foo;\n// error: unresolved name `something_that_doesnt_exist::foo`\n\n// or:\n\ntrait Foo {\n    fn bar() {\n        Self; // error: unresolved name `Self`\n    }\n}\n\n// or:\n\nlet x = unknown_variable;  // error: unresolved name `unknown_variable`\n```\n\nPlease verify that the name wasn't misspelled and ensure that the\nidentifier being referred to is valid for the given situation. Example:\n\n```\nenum something_that_does_exist {\n    Foo,\n}\n```\n\nOr:\n\n```\nmod something_that_does_exist {\n    pub static foo : i32 = 0i32;\n}\n\nsomething_that_does_exist::foo; // ok!\n```\n\nOr:\n\n```\nlet unknown_variable = 12u32;\nlet x = unknown_variable; // ok!\n```\n\nIf the item is not defined in the current module, it must be imported using a\n`use` statement, like so:\n\n```\n# mod foo { pub fn bar() {} }\n# fn main() {\nuse foo::bar;\nbar();\n# }\n```\n\nIf the item you are importing is not defined in some super-module of the\ncurrent module, then it must also be declared as public (e.g., `pub fn`).\n"},"level":"error","spans":[{"file_name":"src/controller.rs","byte_start":557,"byte_end":564,"line_start":22,"line_end":22,"column_start":20,"column_end":27,"is_primary":true,"text":[{"text":"    let tags= vec![add_tag()];","highlight_start":20,"highlight_end":27}],"label":"not found in this scope","suggested_replacement":null,"suggestion_applicability":null,"expansion":null}],"children":[{"message":"consider importing this function","code":null,"level":"help","spans":[{"file_name":"src/controller.rs","byte_start":0,"byte_end":0,"line_start":1,"line_end":1,"column_start":1,"column_end":1,"is_primary":true,"text":[{"text":"use crate::repositories::load_json;","highlight_start":1,"highlight_end":1}],"label":null,"suggested_replacement":"use crate::views::add_tag;\n","suggestion_applicability":"MaybeIncorrect","expansion":null}],"children":[],"rendered":null}],"rendered":"\u001b[1m\u001b[91merror[E0425]\u001b[0m\u001b[1m: cannot find function `add_tag` in this scope\u001b[0m\n  \u001b[1m\u001b[94m--> \u001b[0msrc/controller.rs:22:20\n   \u001b[1m\u001b[94m|\u001b[0m\n\u001b[1m\u001b[94m22\u001b[0m \u001b[1m\u001b[94m|\u001b[0m     let tags= vec![add_tag()];\n   \u001b[1m\u001b[94m|\u001b[0m                    \u001b[1m\u001b[91m^^^^^^^\u001b[0m \u001b[1m\u001b[91mnot found in this scope\u001b[0m\n   \u001b[1m\u001b[94m|\u001b[0m\n\u001b[1m\u001b[96mhelp\u001b[0m: consider importing this function\n   \u001b[1m\u001b[94m|\u001b[0m\n \u001b[1m\u001b[94m1\u001b[0m \u001b[92m+ use crate::views::add_tag;\u001b[0m\n   \u001b[1m\u001b[94m|\u001b[0m\n\n"}
{"$message_type":"diagnostic","message":"enum `Priority` is private","code":{"code":"E0603","explanation":"A private item was used outside its scope.\n\nErroneous code example:\n\n```compile_fail,E0603\nmod foo {\n    const PRIVATE: u32 = 0x_a_bad_1dea_u32; // This const is private, so we\n                                            // can't use it outside of the\n                                            // `foo` module.\n}\n\nprintln!(\"const value: {}\", foo::PRIVATE); // error: constant `PRIVATE`\n                                                  //        is private\n```\n\nIn order to fix this error, you need to make the item public by using the `pub`\nkeyword. Example:\n\n```\nmod foo {\n    pub const PRIVATE: u32 = 0x_a_bad_1dea_u32; // We set it public by using the\n                                                // `pub` keyword.\n}\n\nprintln!(\"const value: {}\", foo::PRIVATE); // ok!\n```\n"},"level":"error","spans":[{"file_name":"src/views.rs","byte_start":44,"byte_end":52,"line_start":2,"line_end":2,"column_start":20,"column_end":28,"is_primary":true,"text":[{"text":"use crate::models::Priority;","highlight_start":20,"highlight_end":28}],"label":"private enum","suggested_replacement":null,"suggestion_applicability":null,"expansion":null}],"children":[{"message":"the enum `Priority` is defined here","code":null,"level":"note","spans":[{"file_name":"src/models.rs","byte_start":107,"byte_end":120,"line_start":5,"line_end":5,"column_start":1,"column_end":14,"is_primary":true,"text":[{"text":"enum Priority{","highlight_start":1,"highlight_end":14}],"label":null,"suggested_replacement":null,"suggestion_applicability":null,"expansion":null}],"children":[],"rendered":null}],"rendered":"\u001b[1m\u001b[91merror[E0603]\u001b[0m\u001b[1m: enum `Priority` is private\u001b[0m\n \u001b[1m\u001b[94m--> \u001b[0msrc/views.rs:2:20\n  \u001b[1m\u001b[94m|\u001b[0m\n\u001b[1m\u001b[94m2\u001b[0m \u001b[1m\u001b[94m|\u001b[0m use crate::models::Priority;\n  \u001b[1m\u001b[94m|\u001b[0m                    \u001b[1m\u001b[91m^^^^^^^^\u001b[0m \u001b[1m\u001b[91mprivate enum\u001b[0m\n  \u001b[1m\u001b[94m|\u001b[0m\n\u001b[1m\u001b[92mnote\u001b[0m: the enum `Priority` is defined here\n \u001b[1m\u001b[94m--> \u001b[0msrc/models.rs:5:1\n  \u001b[1m\u001b[94m|\u001b[0m\n\u001b[1m\u001b[94m5\u001b[0m \u001b[1m\u001b[94m|\u001b[0m enum Priority{\n  \u001b[1m\u001b[94m|\u001b[0m \u001b[1m\u001b[92m^^^^^^^^^^^^^\u001b[0m\n\n"}
{"$message_type":"diagnostic","message":"mismatched types","code":{"code":"E0308","explanation":"Expected type did not match the received type.\n\nErroneous code examples:\n\n```compile_fail,E0308\nfn plus_one(x: i32) -> i32 {\n    x + 1\n}\n\nplus_one(\"Not a number\");\n//       ^^^^^^^^^^^^^^ expected `i32`, found `&str`\n\nif \"Not a bool\" {\n// ^^^^^^^^^^^^ expected `bool`, found `&str`\n}\n\nlet x: f32 = \"Not a float\";\n//     ---   ^^^^^^^^^^^^^ expected `f32`, found `&str`\n//     |\n//     expected due to this\n```\n\nThis error occurs when an expression was used in a place where the compiler\nexpected an expression of a different type. It can occur in several cases, the\nmost common being when calling a function and passing an argument which has a\ndifferent type than the matching type in the function declaration.\n"},"level":"error","spans":[{"file_name":"src/views.rs","byte_start":822,"byte_end":845,"line_start":27,"line_end":27,"column_start":5,"column_end":28,"is_primary":true,"text":[{"text":"    task.trim().to_string()","highlight_start":5,"highlight_end":28}],"label":"expected `Vec<String>`, found `String`","suggested_replacement":null,"suggestion_applicability":null,"expansion":null},{"file_name":"src/views.rs","byte_start":645,"byte_end":656,"line_start":21,"line_end":21,"column_start":21,"column_end":32,"is_primary":false,"text":[{"text":"pub fn add_tag() -> Vec<String>{","highlight_start":21,"highlight_end":32}],"label":"expected `Vec<std::string::String>` because of return type","suggested_replacement":null,"suggestion_applicability":null,"expansion":null}],"children":[{"message":"expected struct `Vec<std::string::String>`\n   found struct `std::string::String`","code":null,"level":"note","spans":[],"children":[],"rendered":null}],"rendered":"\u001b[1m\u001b[91merror[E0308]\u001b[0m\u001b[1m: mismatched types\u001b[0m\n  \u001b[1m\u001b[94m--> \u001b[0msrc/views.rs:27:5\n   \u001b[1m\u001b[94m|\u001b[0m\n\u001b[1m\u001b[94m21\u001b[0m \u001b[1m\u001b[94m|\u001b[0m pub fn add_tag() -> Vec<String>{\n   \u001b[1m\u001b[94m|\u001b[0m                     \u001b[1m\u001b[94m-----------\u001b[0m \u001b[1m\u001b[94mexpected `Vec<std::string::String>` because of return type\u001b[0m\n\u001b[1m\u001b[94m...\u001b[0m\n\u001b[1m\u001b[94m27\u001b[0m \u001b[1m\u001b[94m|\u001b[0m     task.trim().to_string()\n   \u001b[1m\u001b[94m|\u001b[0m     \u001b[1m\u001b[91m^^^^^^^^^^^^^^^^^^^^^^^\u001b[0m \u001b[1m\u001b[91mexpected `Vec<String>`, found `String`\u001b[0m\n   \u001b[1m\u001b[94m|\u001b[0m\n   \u001b[1m\u001b[94m= \u001b[0m\u001b[1mnote\u001b[0m: expected struct `\u001b[1m\u001b[35mVec<\u001b[0mstd::string::String\u001b[1m\u001b[35m>\u001b[0m`\n              found struct `std::string::String`\n\n"}
{"$message_type":"diagnostic","message":"mismatched types","code":{"code":"E0308","explanation":"Expected type did not match the received type.\n\nErroneous code examples:\n\n```compile_fail,E0308\nfn plus_one(x: i32) -> i32 {\n    x + 1\n}\n\nplus_one(\"Not a number\");\n//       ^^^^^^^^^^^^^^ expected `i32`, found `&str`\n\nif \"Not a bool\" {\n// ^^^^^^^^^^^^ expected `bool`, found `&str`\n}\n\nlet x: f32 = \"Not a float\";\n//     ---   ^^^^^^^^^^^^^ expected `f32`, found `&str`\n//     |\n//     expected due to this\n```\n\nThis error occurs when an expression was used in a place where the compiler\nexpected an expression of a different type. It can occur in several cases, the\nmost common being when calling a function and passing an argument which has a\ndifferent type than the matching type in the function declaration.\n"},"level":"error","spans":[{"file_name":"src/views.rs","byte_start":1119,"byte_end":1122,"line_start":37,"line_end":37,"column_start":9,"column_end":12,"is_primary":true,"text":[{"text":"        \"1\" => Priority::Low,","highlight_start":9,"highlight_end":12}],"label":"expected `String`, found `&str`","suggested_replacement":null,"suggestion_applicability":null,"expansion":null},{"file_name":"src/views.rs","byte_start":1085,"byte_end":1109,"line_start":36,"line_end":36,"column_start":11,"column_end":35,"is_primary":false,"text":[{"text":"    match tasko.trim().to_string(){","highlight_start":11,"highlight_end":35}],"label":"this expression has type `std::string::String`","suggested_replacement":null,"suggestion_applicability":null,"expansion":null}],"children":[],"rendered":"\u001b[1m\u001b[91merror[E0308]\u001b[0m\u001b[1m: mismatched types\u001b[0m\n  \u001b[1m\u001b[94m--> \u001b[0msrc/views.rs:37:9\n   \u001b[1m\u001b[94m|\u001b[0m\n\u001b[1m\u001b[94m36\u001b[0m \u001b[1m\u001b[94m|\u001b[0m     match tasko.trim().to_string(){\n   \u001b[1m\u001b[94m|\u001b[0m           \u001b[1m\u001b[94m------------------------\u001b[0m \u001b[1m\u001b[94mthis expression has type `std::string::String`\u001b[0m\n\u001b[1m\u001b[94m37\u001b[0m \u001b[1m\u001b[94m|\u001b[0m         \"1\" => Priority::Low,\n   \u001b[1m\u001b[94m|\u001b[0m         \u001b[1m\u001b[91m^^^\u001b[0m \u001b[1m\u001b[91mexpected `String`, found `&str`\u001b[0m\n\n"}
{"$message_type":"diagnostic","message":"mismatched types","code":{"code":"E0308","explanation":"Expected type did not match the received type.\n\nErroneous code examples:\n\n```compile_fail,E0308\nfn plus_one(x: i32) -> i32 {\n    x + 1\n}\n\nplus_one(\"Not a number\");\n//       ^^^^^^^^^^^^^^ expected `i32`, found `&str`\n\nif \"Not a bool\" {\n// ^^^^^^^^^^^^ expected `bool`, found `&str`\n}\n\nlet x: f32 = \"Not a float\";\n//     ---   ^^^^^^^^^^^^^ expected `f32`, found `&str`\n//     |\n//     expected due to this\n```\n\nThis error occurs when an expression was used in a place where the compiler\nexpected an expression of a different type. It can occur in several cases, the\nmost common being when calling a function and passing an argument which has a\ndifferent type than the matching type in the function declaration.\n"},"level":"error","spans":[{"file_name":"src/views.rs","byte_start":1149,"byte_end":1152,"line_start":38,"line_end":38,"column_start":9,"column_end":12,"is_primary":true,"text":[{"text":"        \"2\" =>Priority::Medium,","highlight_start":9,"highlight_end":12}],"label":"expected `String`, found `&str`","suggested_replacement":null,"suggestion_applicability":null,"expansion":null},{"file_name":"src/views.rs","byte_start":1085,"byte_end":1109,"line_start":36,"line_end":36,"column_start":11,"column_end":35,"is_primary":false,"text":[{"text":"    match tasko.trim().to_string(){","highlight_start":11,"highlight_end":35}],"label":"this expression has type `std::string::String`","suggested_replacement":null,"suggestion_applicability":null,"expansion":null}],"children":[],"rendered":"\u001b[1m\u001b[91merror[E0308]\u001b[0m\u001b[1m: mismatched types\u001b[0m\n  \u001b[1m\u001b[94m--> \u001b[0msrc/views.rs:38:9\n   \u001b[1m\u001b[94m|\u001b[0m\n\u001b[1m\u001b[94m36\u001b[0m \u001b[1m\u001b[94m|\u001b[0m     match tasko.trim().to_string(){\n   \u001b[1m\u001b[94m|\u001b[0m           \u001b[1m\u001b[94m------------------------\u001b[0m \u001b[1m\u001b[94mthis expression has type `std::string::String`\u001b[0m\n\u001b[1m\u001b[94m37\u001b[0m \u001b[1m\u001b[94m|\u001b[0m         \"1\" => Priority::Low,\n\u001b[1m\u001b[94m38\u001b[0m \u001b[1m\u001b[94m|\u001b[0m         \"2\" =>Priority::Medium,\n   \u001b[1m\u001b[94m|\u001b[0m         \u001b[1m\u001b[91m^^^\u001b[0m \u001b[1m\u001b[91mexpected `String`, found `&str`\u001b[0m\n\n"}
{"$message_type":"diagnostic","message":"mismatched types","code":{"code":"E0308","explanation":"Expected type did not match the received type.\n\nErroneous code examples:\n\n```compile_fail,E0308\nfn plus_one(x: i32) -> i32 {\n    x + 1\n}\n\nplus_one(\"Not a number\");\n//       ^^^^^^^^^^^^^^ expected `i32`, found `&str`\n\nif \"Not a bool\" {\n// ^^^^^^^^^^^^ expected `bool`, found `&str`\n}\n\nlet x: f32 = \"Not a float\";\n//     ---   ^^^^^^^^^^^^^ expected `f32`, found `&str`\n//     |\n//     expected due to this\n```\n\nThis error occurs when an expression was used in a place where the compiler\nexpected an expression of a different type. It can occur in several cases, the\nmost common being when calling a function and passing an argument which has a\ndifferent type than the matching type in the function declaration.\n"},"level":"error","spans":[{"file_name":"src/views.rs","byte_start":1181,"byte_end":1184,"line_start":39,"line_end":39,"column_start":9,"column_end":12,"is_primary":true,"text":[{"text":"        \"3\" => Priority::High,","highlight_start":9,"highlight_end":12}],"label":"expected `String`, found `&str`","suggested_replacement":null,"suggestion_applicability":null,"expansion":null},{"file_name":"src/views.rs","byte_start":1085,"byte_end":1109,"line_start":36,"line_end":36,"column_start":11,"column_end":35,"is_primary":false,"text":[{"text":"    match tasko.trim().to_string(){","highlight_start":11,"highlight_end":35}],"label":"this expression has type `std::string::String`","suggested_replacement":null,"suggestion_applicability":null,"expansion":null}],"children":[],"rendered":"\u001b[1m\u001b[91merror[E0308]\u001b[0m\u001b[1m: mismatched types\u001b[0m\n  \u001b[1m\u001b[94m--> \u001b[0msrc/views.rs:39:9\n   \u001b[1m\u001b[94m|\u001b[0m\n\u001b[1m\u001b[94m36\u001b[0m \u001b[1m\u001b[94m|\u001b[0m     match tasko.trim().to_string(){\n   \u001b[1m\u001b[94m|\u001b[0m           \u001b[1m\u001b[94m------------------------\u001b[0m \u001b[1m\u001b[94mthis expression has type `std::string::String`\u001b[0m\n\u001b[1m\u001b[94m...\u001b[0m\n\u001b[1m\u001b[94m39\u001b[0m \u001b[1m\u001b[94m|\u001b[0m         \"3\" => Priority::High,\n   \u001b[1m\u001b[94m|\u001b[0m         \u001b[1m\u001b[91m^^^\u001b[0m \u001b[1m\u001b[91mexpected `String`, found `&str`\u001b[0m\n\n"}
{"$message_type":"diagnostic","message":"failed to resolve: use of unresolved module or unlinked crate `chrono`","code":{"code":"E0433","explanation":"An undeclared crate, module, or type was used.\n\nErroneous code example:\n\n```compile_fail,E0433\nlet map = HashMap::new();\n// error: failed to resolve: use of undeclared type `HashMap`\n```\n\nPlease verify you didn't misspell the type/module's name or that you didn't\nforget to import it:\n\n```\nuse std::collections::HashMap; // HashMap has been imported.\nlet map: HashMap<u32, u32> = HashMap::new(); // So it can be used!\n```\n\nIf you've expected to use a crate name:\n\n```compile_fail\nuse ferris_wheel::BigO;\n// error: failed to resolve: use of undeclared module or unlinked crate\n```\n\nMake sure the crate has been added as a dependency in `Cargo.toml`.\n\nTo use a module from your current crate, add the `crate::` prefix to the path.\n"},"level":"error","spans":[{"file_name":"src/models.rs","byte_start":314,"byte_end":320,"line_start":16,"line_end":16,"column_start":30,"column_end":36,"is_primary":true,"text":[{"text":"    pub created_at: DateTime<chrono::Utc>,","highlight_start":30,"highlight_end":36}],"label":"use of unresolved module or unlinked crate `chrono`","suggested_replacement":null,"suggestion_applicability":null,"expansion":null}],"children":[{"message":"if you wanted to use a crate named `chrono`, use `cargo add chrono` to add it to your `Cargo.toml`","code":null,"level":"help","spans":[],"children":[],"rendered":null}],"rendered":"\u001b[1m\u001b[91merror[E0433]\u001b[0m\u001b[1m: failed to resolve: use of unresolved module or unlinked crate `chrono`\u001b[0m\n  \u001b[1m\u001b[94m--> \u001b[0msrc/models.rs:16:30\n   \u001b[1m\u001b[94m|\u001b[0m\n\u001b[1m\u001b[94m16\u001b[0m \u001b[1m\u001b[94m|\u001b[0m     pub created_at: DateTime<chrono::Utc>,\n   \u001b[1m\u001b[94m|\u001b[0m                              \u001b[1m\u001b[91m^^^^^^\u001b[0m \u001b[1m\u001b[91muse of unresolved module or unlinked crate `chrono`\u001b[0m\n   \u001b[1m\u001b[94m|\u001b[0m\n   \u001b[1m\u001b[94m= \u001b[0m\u001b[1mhelp\u001b[0m: if you wanted to use a crate named `chrono`, use `cargo add chrono` to add it to your `Cargo.toml`\n\n"}
{"$message_type":"diagnostic","message":"aborting due to 10 previous errors","code":null,"level":"error","spans":[],"children":[],"rendered":"\u001b[1m\u001b[91merror\u001b[0m\u001b[1m: aborting due to 10 previous errors\u001b[0m\n\n"}
{"$message_type":"diagnostic","message":"Some errors have detailed explanations: E0308, E0425, E0432, E0433, E0603.","code":null,"level":"failure-note","spans":[],"children":[],"rendered":"\u001b[1mSome errors have detailed explanations: E0308, E0425, E0432, E0433, E0603.\u001b[0m\n"}
{"$message_type":"diagnostic","message":"For more information about an error, try `rustc --explain E0308`.","code":null,"level":"failure-note","spans":[],"children":[],"rendered":"\u001b[1mFor more information about an error, try `rustc --explain E0308`.\u001b[0m\n"}
